{"/home/mswiderski/project/gaffer-tape/src/sign-test.js":{"path":"/home/mswiderski/project/gaffer-tape/src/sign-test.js","s":{"1":1,"2":1,"3":5,"4":1,"5":1,"6":1,"7":5,"8":5},"b":{"1":[1,0],"2":[4,1],"3":[0,5]},"f":{"1":5,"2":1,"3":5},"fnMap":{"1":{"name":"(anonymous_1)","line":3,"loc":{"start":{"line":3,"column":50},"end":{"line":3,"column":61}}},"2":{"name":"(anonymous_2)","line":9,"loc":{"start":{"line":9,"column":1},"end":{"line":9,"column":11}}},"3":{"name":"(anonymous_3)","line":10,"loc":{"start":{"line":10,"column":21},"end":{"line":10,"column":52}}}},"statementMap":{"1":{"start":{"line":3,"column":0},"end":{"line":5,"column":2}},"2":{"start":{"line":3,"column":27},"end":{"line":5,"column":2}},"3":{"start":{"line":4,"column":4},"end":{"line":4,"column":33}},"4":{"start":{"line":7,"column":0},"end":{"line":7,"column":36}},"5":{"start":{"line":9,"column":0},"end":{"line":20,"column":5}},"6":{"start":{"line":10,"column":4},"end":{"line":18,"column":6}},"7":{"start":{"line":11,"column":8},"end":{"line":16,"column":10}},"8":{"start":{"line":17,"column":8},"end":{"line":17,"column":15}}},"branchMap":{"1":{"line":3,"type":"if","locations":[{"start":{"line":3,"column":0},"end":{"line":3,"column":0}},{"start":{"line":3,"column":0},"end":{"line":3,"column":0}}]},"2":{"line":11,"type":"cond-expr","locations":[{"start":{"line":11,"column":22},"end":{"line":11,"column":29}},{"start":{"line":11,"column":32},"end":{"line":11,"column":36}}]},"3":{"line":15,"type":"cond-expr","locations":[{"start":{"line":15,"column":64},"end":{"line":15,"column":68}},{"start":{"line":15,"column":71},"end":{"line":15,"column":74}}]}}},"/home/mswiderski/project/gaffer-tape/src/base64.js":{"path":"/home/mswiderski/project/gaffer-tape/src/base64.js","s":{"1":1,"2":1,"3":1,"4":1,"5":5,"6":1,"7":7,"8":7,"9":7,"10":382,"11":382,"12":382,"13":382,"14":382,"15":382,"16":382,"17":382,"18":1,"19":381,"20":5,"21":382,"22":7,"23":1,"24":6,"25":6,"26":6,"27":161,"28":161,"29":161,"30":161,"31":161,"32":161,"33":161,"34":161,"35":161,"36":160,"37":161,"38":158,"39":6,"40":1,"41":7,"42":7,"43":7,"44":1131,"45":1131,"46":1127,"47":4,"48":0,"49":0,"50":4,"51":4,"52":4,"53":7,"54":1,"55":6,"56":6,"57":463,"58":463,"59":455,"60":455,"61":8,"62":0,"63":0,"64":0,"65":8,"66":8,"67":8,"68":8,"69":6,"70":1},"b":{"1":[4,1],"2":[1,381],"3":[5,376],"4":[160,1],"5":[158,3],"6":[1127,4],"7":[0,4],"8":[4,4],"9":[455,8],"10":[0,8],"11":[8,4]},"f":{"1":1,"2":5,"3":7,"4":6,"5":7,"6":6},"fnMap":{"1":{"name":"Base64","line":5,"loc":{"start":{"line":5,"column":0},"end":{"line":5,"column":18}}},"2":{"name":"(anonymous_2)","line":11,"loc":{"start":{"line":11,"column":19},"end":{"line":11,"column":36}}},"3":{"name":"(anonymous_3)","line":15,"loc":{"start":{"line":15,"column":18},"end":{"line":15,"column":34}}},"4":{"name":"(anonymous_4)","line":46,"loc":{"start":{"line":46,"column":18},"end":{"line":46,"column":35}}},"5":{"name":"(anonymous_5)","line":77,"loc":{"start":{"line":77,"column":23},"end":{"line":77,"column":41}}},"6":{"name":"(anonymous_6)","line":101,"loc":{"start":{"line":101,"column":23},"end":{"line":101,"column":41}}}},"statementMap":{"1":{"start":{"line":3,"column":0},"end":{"line":3,"column":37}},"2":{"start":{"line":5,"column":0},"end":{"line":128,"column":1}},"3":{"start":{"line":7,"column":4},"end":{"line":9,"column":26}},"4":{"start":{"line":11,"column":4},"end":{"line":13,"column":6}},"5":{"start":{"line":12,"column":8},"end":{"line":12,"column":81}},"6":{"start":{"line":15,"column":4},"end":{"line":44,"column":6}},"7":{"start":{"line":16,"column":8},"end":{"line":18,"column":18}},"8":{"start":{"line":20,"column":8},"end":{"line":20,"column":40}},"9":{"start":{"line":22,"column":8},"end":{"line":42,"column":9}},"10":{"start":{"line":24,"column":12},"end":{"line":24,"column":41}},"11":{"start":{"line":25,"column":12},"end":{"line":25,"column":41}},"12":{"start":{"line":26,"column":12},"end":{"line":26,"column":41}},"13":{"start":{"line":28,"column":12},"end":{"line":28,"column":29}},"14":{"start":{"line":29,"column":12},"end":{"line":29,"column":51}},"15":{"start":{"line":30,"column":12},"end":{"line":30,"column":52}},"16":{"start":{"line":31,"column":12},"end":{"line":31,"column":29}},"17":{"start":{"line":33,"column":12},"end":{"line":37,"column":13}},"18":{"start":{"line":34,"column":16},"end":{"line":34,"column":33}},"19":{"start":{"line":35,"column":19},"end":{"line":37,"column":13}},"20":{"start":{"line":36,"column":16},"end":{"line":36,"column":26}},"21":{"start":{"line":39,"column":12},"end":{"line":41,"column":70}},"22":{"start":{"line":43,"column":8},"end":{"line":43,"column":22}},"23":{"start":{"line":46,"column":4},"end":{"line":75,"column":6}},"24":{"start":{"line":47,"column":8},"end":{"line":50,"column":18}},"25":{"start":{"line":52,"column":8},"end":{"line":52,"column":57}},"26":{"start":{"line":54,"column":8},"end":{"line":73,"column":9}},"27":{"start":{"line":56,"column":12},"end":{"line":56,"column":59}},"28":{"start":{"line":57,"column":12},"end":{"line":57,"column":59}},"29":{"start":{"line":58,"column":12},"end":{"line":58,"column":59}},"30":{"start":{"line":59,"column":12},"end":{"line":59,"column":59}},"31":{"start":{"line":61,"column":12},"end":{"line":61,"column":45}},"32":{"start":{"line":62,"column":12},"end":{"line":62,"column":52}},"33":{"start":{"line":63,"column":12},"end":{"line":63,"column":44}},"34":{"start":{"line":65,"column":12},"end":{"line":65,"column":56}},"35":{"start":{"line":67,"column":12},"end":{"line":69,"column":13}},"36":{"start":{"line":68,"column":16},"end":{"line":68,"column":60}},"37":{"start":{"line":70,"column":12},"end":{"line":72,"column":13}},"38":{"start":{"line":71,"column":16},"end":{"line":71,"column":60}},"39":{"start":{"line":74,"column":8},"end":{"line":74,"column":40}},"40":{"start":{"line":77,"column":4},"end":{"line":99,"column":6}},"41":{"start":{"line":78,"column":8},"end":{"line":78,"column":46}},"42":{"start":{"line":79,"column":8},"end":{"line":79,"column":25}},"43":{"start":{"line":81,"column":8},"end":{"line":97,"column":9}},"44":{"start":{"line":83,"column":12},"end":{"line":83,"column":41}},"45":{"start":{"line":85,"column":12},"end":{"line":96,"column":13}},"46":{"start":{"line":86,"column":16},"end":{"line":86,"column":50}},"47":{"start":{"line":88,"column":17},"end":{"line":96,"column":13}},"48":{"start":{"line":89,"column":16},"end":{"line":89,"column":63}},"49":{"start":{"line":90,"column":16},"end":{"line":90,"column":63}},"50":{"start":{"line":93,"column":16},"end":{"line":93,"column":64}},"51":{"start":{"line":94,"column":16},"end":{"line":94,"column":70}},"52":{"start":{"line":95,"column":16},"end":{"line":95,"column":63}},"53":{"start":{"line":98,"column":8},"end":{"line":98,"column":23}},"54":{"start":{"line":101,"column":4},"end":{"line":127,"column":6}},"55":{"start":{"line":102,"column":8},"end":{"line":104,"column":34}},"56":{"start":{"line":106,"column":8},"end":{"line":125,"column":9}},"57":{"start":{"line":108,"column":12},"end":{"line":108,"column":38}},"58":{"start":{"line":110,"column":12},"end":{"line":124,"column":13}},"59":{"start":{"line":111,"column":16},"end":{"line":111,"column":49}},"60":{"start":{"line":112,"column":16},"end":{"line":112,"column":20}},"61":{"start":{"line":114,"column":17},"end":{"line":124,"column":13}},"62":{"start":{"line":115,"column":16},"end":{"line":115,"column":45}},"63":{"start":{"line":116,"column":16},"end":{"line":116,"column":75}},"64":{"start":{"line":117,"column":16},"end":{"line":117,"column":23}},"65":{"start":{"line":120,"column":16},"end":{"line":120,"column":45}},"66":{"start":{"line":121,"column":16},"end":{"line":121,"column":45}},"67":{"start":{"line":122,"column":16},"end":{"line":122,"column":95}},"68":{"start":{"line":123,"column":16},"end":{"line":123,"column":23}},"69":{"start":{"line":126,"column":8},"end":{"line":126,"column":22}},"70":{"start":{"line":130,"column":0},"end":{"line":130,"column":30}}},"branchMap":{"1":{"line":12,"type":"cond-expr","locations":[{"start":{"line":12,"column":46},"end":{"line":12,"column":72}},{"start":{"line":12,"column":75},"end":{"line":12,"column":80}}]},"2":{"line":33,"type":"if","locations":[{"start":{"line":33,"column":12},"end":{"line":33,"column":12}},{"start":{"line":33,"column":12},"end":{"line":33,"column":12}}]},"3":{"line":35,"type":"if","locations":[{"start":{"line":35,"column":19},"end":{"line":35,"column":19}},{"start":{"line":35,"column":19},"end":{"line":35,"column":19}}]},"4":{"line":67,"type":"if","locations":[{"start":{"line":67,"column":12},"end":{"line":67,"column":12}},{"start":{"line":67,"column":12},"end":{"line":67,"column":12}}]},"5":{"line":70,"type":"if","locations":[{"start":{"line":70,"column":12},"end":{"line":70,"column":12}},{"start":{"line":70,"column":12},"end":{"line":70,"column":12}}]},"6":{"line":85,"type":"if","locations":[{"start":{"line":85,"column":12},"end":{"line":85,"column":12}},{"start":{"line":85,"column":12},"end":{"line":85,"column":12}}]},"7":{"line":88,"type":"if","locations":[{"start":{"line":88,"column":17},"end":{"line":88,"column":17}},{"start":{"line":88,"column":17},"end":{"line":88,"column":17}}]},"8":{"line":88,"type":"binary-expr","locations":[{"start":{"line":88,"column":21},"end":{"line":88,"column":28}},{"start":{"line":88,"column":34},"end":{"line":88,"column":42}}]},"9":{"line":110,"type":"if","locations":[{"start":{"line":110,"column":12},"end":{"line":110,"column":12}},{"start":{"line":110,"column":12},"end":{"line":110,"column":12}}]},"10":{"line":114,"type":"if","locations":[{"start":{"line":114,"column":17},"end":{"line":114,"column":17}},{"start":{"line":114,"column":17},"end":{"line":114,"column":17}}]},"11":{"line":114,"type":"binary-expr","locations":[{"start":{"line":114,"column":21},"end":{"line":114,"column":28}},{"start":{"line":114,"column":34},"end":{"line":114,"column":41}}]}}},"/home/mswiderski/project/gaffer-tape/src/gaffer-tape-wrap.js":{"path":"/home/mswiderski/project/gaffer-tape/src/gaffer-tape-wrap.js","s":{"1":1,"2":1,"3":5,"4":1,"5":5,"6":0,"7":5,"8":5},"b":{"1":[0,5]},"f":{"1":5,"2":5},"fnMap":{"1":{"name":"zip","line":7,"loc":{"start":{"line":7,"column":0},"end":{"line":7,"column":21}}},"2":{"name":"gafferTapeWrap","line":17,"loc":{"start":{"line":17,"column":17},"end":{"line":17,"column":57}}}},"statementMap":{"1":{"start":{"line":3,"column":0},"end":{"line":5,"column":31}},"2":{"start":{"line":7,"column":0},"end":{"line":9,"column":1}},"3":{"start":{"line":8,"column":4},"end":{"line":8,"column":18}},"4":{"start":{"line":17,"column":0},"end":{"line":22,"column":2}},"5":{"start":{"line":18,"column":4},"end":{"line":18,"column":73}},"6":{"start":{"line":18,"column":33},"end":{"line":18,"column":73}},"7":{"start":{"line":19,"column":4},"end":{"line":20,"column":54}},"8":{"start":{"line":21,"column":4},"end":{"line":21,"column":67}}},"branchMap":{"1":{"line":18,"type":"if","locations":[{"start":{"line":18,"column":4},"end":{"line":18,"column":4}},{"start":{"line":18,"column":4},"end":{"line":18,"column":4}}]}}},"/home/mswiderski/project/gaffer-tape/src/nvl.js":{"path":"/home/mswiderski/project/gaffer-tape/src/nvl.js","s":{"1":1,"2":26},"b":{"1":[22,4]},"f":{"1":26},"fnMap":{"1":{"name":"nvl","line":9,"loc":{"start":{"line":9,"column":17},"end":{"line":9,"column":50}}}},"statementMap":{"1":{"start":{"line":9,"column":0},"end":{"line":11,"column":2}},"2":{"start":{"line":10,"column":4},"end":{"line":10,"column":55}}},"branchMap":{"1":{"line":10,"type":"cond-expr","locations":[{"start":{"line":10,"column":40},"end":{"line":10,"column":48}},{"start":{"line":10,"column":51},"end":{"line":10,"column":54}}]}}},"/home/mswiderski/project/gaffer-tape/src/gaffer-tape-unwrap.js":{"path":"/home/mswiderski/project/gaffer-tape/src/gaffer-tape-unwrap.js","s":{"1":1,"2":1,"3":2,"4":1,"5":4,"6":4,"7":4,"8":2,"9":2,"10":4},"b":{},"f":{"1":2,"2":4},"fnMap":{"1":{"name":"unzip","line":7,"loc":{"start":{"line":7,"column":0},"end":{"line":7,"column":23}}},"2":{"name":"gafferTapeUnwrap","line":17,"loc":{"start":{"line":17,"column":17},"end":{"line":17,"column":62}}}},"statementMap":{"1":{"start":{"line":3,"column":0},"end":{"line":5,"column":31}},"2":{"start":{"line":7,"column":0},"end":{"line":9,"column":1}},"3":{"start":{"line":8,"column":4},"end":{"line":8,"column":18}},"4":{"start":{"line":17,"column":0},"end":{"line":28,"column":2}},"5":{"start":{"line":18,"column":4},"end":{"line":20,"column":54}},"6":{"start":{"line":21,"column":4},"end":{"line":26,"column":5}},"7":{"start":{"line":22,"column":8},"end":{"line":22,"column":71}},"8":{"start":{"line":24,"column":8},"end":{"line":24,"column":28}},"9":{"start":{"line":25,"column":8},"end":{"line":25,"column":37}},"10":{"start":{"line":27,"column":4},"end":{"line":27,"column":15}}},"branchMap":{}},"/home/mswiderski/project/gaffer-tape/index.js":{"path":"/home/mswiderski/project/gaffer-tape/index.js","s":{"1":1,"2":1},"b":{},"f":{"1":1},"fnMap":{"1":{"name":"(anonymous_1)","line":2,"loc":{"start":{"line":2,"column":13},"end":{"line":2,"column":25}}}},"statementMap":{"1":{"start":{"line":1,"column":0},"end":{"line":5,"column":2}},"2":{"start":{"line":2,"column":27},"end":{"line":2,"column":63}}},"branchMap":{}},"/home/mswiderski/project/gaffer-tape/src/configuration.js":{"path":"/home/mswiderski/project/gaffer-tape/src/configuration.js","s":{},"b":{},"f":{},"fnMap":{},"statementMap":{},"branchMap":{}}}