TN:
SF:/home/mswiderski/project/gaffer-tape/src/sign-test.js
FN:3,(anonymous_1)
FN:9,(anonymous_2)
FN:10,(anonymous_3)
FNF:3
FNH:3
FNDA:5,(anonymous_1)
FNDA:1,(anonymous_2)
FNDA:5,(anonymous_3)
DA:3,1
DA:4,5
DA:7,1
DA:9,1
DA:10,1
DA:11,5
DA:17,5
LF:7
LH:7
BRDA:3,1,0,1
BRDA:3,1,1,0
BRDA:11,2,0,4
BRDA:11,2,1,1
BRDA:15,3,0,0
BRDA:15,3,1,5
BRF:6
BRH:4
end_of_record
TN:
SF:/home/mswiderski/project/gaffer-tape/src/base64.js
FN:5,Base64
FN:11,(anonymous_2)
FN:15,(anonymous_3)
FN:46,(anonymous_4)
FN:77,(anonymous_5)
FN:101,(anonymous_6)
FNF:6
FNH:6
FNDA:1,Base64
FNDA:5,(anonymous_2)
FNDA:7,(anonymous_3)
FNDA:6,(anonymous_4)
FNDA:7,(anonymous_5)
FNDA:6,(anonymous_6)
DA:3,1
DA:5,1
DA:7,1
DA:11,1
DA:12,5
DA:15,1
DA:16,7
DA:20,7
DA:22,7
DA:24,382
DA:25,382
DA:26,382
DA:28,382
DA:29,382
DA:30,382
DA:31,382
DA:33,382
DA:34,1
DA:35,381
DA:36,5
DA:39,382
DA:43,7
DA:46,1
DA:47,6
DA:52,6
DA:54,6
DA:56,161
DA:57,161
DA:58,161
DA:59,161
DA:61,161
DA:62,161
DA:63,161
DA:65,161
DA:67,161
DA:68,160
DA:70,161
DA:71,158
DA:74,6
DA:77,1
DA:78,7
DA:79,7
DA:81,7
DA:83,1131
DA:85,1131
DA:86,1127
DA:88,4
DA:89,0
DA:90,0
DA:93,4
DA:94,4
DA:95,4
DA:98,7
DA:101,1
DA:102,6
DA:106,6
DA:108,463
DA:110,463
DA:111,455
DA:112,455
DA:114,8
DA:115,0
DA:116,0
DA:117,0
DA:120,8
DA:121,8
DA:122,8
DA:123,8
DA:126,6
DA:130,1
LF:70
LH:65
BRDA:12,1,0,4
BRDA:12,1,1,1
BRDA:33,2,0,1
BRDA:33,2,1,381
BRDA:35,3,0,5
BRDA:35,3,1,376
BRDA:67,4,0,160
BRDA:67,4,1,1
BRDA:70,5,0,158
BRDA:70,5,1,3
BRDA:85,6,0,1127
BRDA:85,6,1,4
BRDA:88,7,0,0
BRDA:88,7,1,4
BRDA:88,8,0,4
BRDA:88,8,1,4
BRDA:110,9,0,455
BRDA:110,9,1,8
BRDA:114,10,0,0
BRDA:114,10,1,8
BRDA:114,11,0,8
BRDA:114,11,1,4
BRF:22
BRH:20
end_of_record
TN:
SF:/home/mswiderski/project/gaffer-tape/src/gaffer-tape-wrap.js
FN:7,zip
FN:17,gafferTapeWrap
FNF:2
FNH:2
FNDA:5,zip
FNDA:5,gafferTapeWrap
DA:3,1
DA:7,1
DA:8,5
DA:17,1
DA:18,5
DA:19,5
DA:21,5
LF:7
LH:7
BRDA:18,1,0,0
BRDA:18,1,1,5
BRF:2
BRH:1
end_of_record
TN:
SF:/home/mswiderski/project/gaffer-tape/src/nvl.js
FN:9,nvl
FNF:1
FNH:1
FNDA:26,nvl
DA:9,1
DA:10,26
LF:2
LH:2
BRDA:10,1,0,22
BRDA:10,1,1,4
BRF:2
BRH:2
end_of_record
TN:
SF:/home/mswiderski/project/gaffer-tape/src/gaffer-tape-unwrap.js
FN:7,unzip
FN:17,gafferTapeUnwrap
FNF:2
FNH:2
FNDA:2,unzip
FNDA:4,gafferTapeUnwrap
DA:3,1
DA:7,1
DA:8,2
DA:17,1
DA:18,4
DA:21,4
DA:22,4
DA:24,2
DA:25,2
DA:27,4
LF:10
LH:10
BRF:0
BRH:0
end_of_record
TN:
SF:/home/mswiderski/project/gaffer-tape/index.js
FN:2,(anonymous_1)
FNF:1
FNH:1
FNDA:1,(anonymous_1)
DA:1,1
DA:2,1
LF:2
LH:2
BRF:0
BRH:0
end_of_record
TN:
SF:/home/mswiderski/project/gaffer-tape/src/configuration.js
FNF:0
FNH:0
LF:0
LH:0
BRF:0
BRH:0
end_of_record
